#
# There is insufficient memory for the Java Runtime Environment to continue.
# Native memory allocation (malloc) failed to allocate 32744 bytes for ChunkPool::allocate
# Possible reasons:
#   The system is out of physical RAM or swap space
#   In 32 bit mode, the process size limit was hit
# Possible solutions:
#   Reduce memory load on the system
#   Increase physical memory or swap space
#   Check if swap backing store is full
#   Use 64 bit Java on a 64 bit OS
#   Decrease Java heap size (-Xmx/-Xms)
#   Decrease number of Java threads
#   Decrease Java thread stack sizes (-Xss)
#   Set larger code cache with -XX:ReservedCodeCacheSize=
# This output file may be truncated or incomplete.
#
#  Out of Memory Error (allocation.cpp:273), pid=5248, tid=2136
#
# JRE version: Java(TM) SE Runtime Environment (8.0_66-b17) (build 1.8.0_66-b17)
# Java VM: Java HotSpot(TM) 64-Bit Server VM (25.66-b17 mixed mode windows-amd64 compressed oops)
# Failed to write core dump. Minidumps are not enabled by default on client versions of Windows
#

---------------  T H R E A D  ---------------

Current thread (0x0000000055145800):  JavaThread "C2 CompilerThread0" daemon [_thread_in_vm, id=2136, stack(0x00000000568b0000,0x00000000569b0000)]

Stack: [0x00000000568b0000,0x00000000569b0000]
[error occurred during error reporting (printing stack bounds), id 0xc0000005]

Native frames: (J=compiled Java code, j=interpreted, Vv=VM code, C=native code)


---------------  P R O C E S S  ---------------

Java Threads: ( => current thread )
  0x0000000056ae4800 JavaThread "Service Thread" daemon [_thread_blocked, id=6964, stack(0x0000000057500000,0x0000000057600000)]
  0x0000000056ad3000 JavaThread "C1 CompilerThread2" daemon [_thread_blocked, id=8076, stack(0x0000000057380000,0x0000000057480000)]
  0x000000005514a000 JavaThread "C2 CompilerThread1" daemon [_thread_blocked, id=6432, stack(0x00000000569d0000,0x0000000056ad0000)]
=>0x0000000055145800 JavaThread "C2 CompilerThread0" daemon [_thread_in_vm, id=2136, stack(0x00000000568b0000,0x00000000569b0000)]
  0x0000000055143800 JavaThread "Attach Listener" daemon [_thread_blocked, id=2624, stack(0x00000000565c0000,0x00000000566c0000)]
  0x0000000055140000 JavaThread "Signal Dispatcher" daemon [_thread_blocked, id=5620, stack(0x0000000056710000,0x0000000056810000)]
  0x00000000550e6800 JavaThread "Finalizer" daemon [_thread_blocked, id=5888, stack(0x00000000562c0000,0x00000000563c0000)]
  0x00000000550df800 JavaThread "Reference Handler" daemon [_thread_blocked, id=6492, stack(0x0000000056460000,0x0000000056560000)]
  0x000000000238e000 JavaThread "main" [_thread_in_Java, id=5468, stack(0x0000000002500000,0x0000000002600000)]

Other Threads:
  0x00000000550d9800 VMThread [stack: 0x0000000056190000,0x0000000056290000] [id=7992]
  0x0000000056b0d800 WatcherThread [stack: 0x0000000057660000,0x0000000057760000] [id=440]

VM state:not at safepoint (normal execution)

VM Mutex/Monitor currently owned by a thread:  ([mutex/lock_event])
[0x000000000238ccc0] CompileThread_lock - owner thread: 0x0000000055145800

Heap:
 PSYoungGen      total 18944K, used 1311K [0x00000000eb400000, 0x00000000ec900000, 0x0000000100000000)
  eden space 16384K, 8% used [0x00000000eb400000,0x00000000eb547c70,0x00000000ec400000)
  from space 2560K, 0% used [0x00000000ec680000,0x00000000ec680000,0x00000000ec900000)
  to   space 2560K, 0% used [0x00000000ec400000,0x00000000ec400000,0x00000000ec680000)
 ParOldGen       total 44032K, used 0K [0x00000000c1c00000, 0x00000000c4700000, 0x00000000eb400000)
  object space 44032K, 0% used [0x00000000c1c00000,0x00000000c1c00000,0x00000000c4700000)
 Metaspace       used 3055K, capacity 4550K, committed 4864K, reserved 1056768K
  class space    used 349K, capacity 386K, committed 512K, reserved 1048576K

Card table byte_map: [0x0000000011d10000,0x0000000011f10000] byte_map_base: 0x0000000011702000

Marking Bits: (ParMarkBitMap*) 0x00000000580fa5b0
 Begin Bits: [0x0000000012630000, 0x00000000135c0000)
 End Bits:   [0x00000000135c0000, 0x0000000014550000)

Polling page: 0x0000000000130000

CodeCache: size=245760Kb used=479Kb max_used=479Kb free=245280Kb
 bounds [0x0000000002950000, 0x0000000002bc0000, 0x0000000011950000]
 total_blobs=191 nmethods=1 adapters=155
 compilation: enabled

Compilation events (0 events):
No events

GC Heap History (0 events):
No events

Deoptimization events (0 events):
No events

Internal exceptions (2 events):
Event: 0.862 Thread 0x000000000238e000 Exception <a 'java/lang/NoSuchMethodError': Method sun.misc.Unsafe.defineClass(Ljava/lang/String;[BII)Ljava/lang/Class; name or signature does not match> (0x00000000eb40d2a8) thrown at [C:\re\workspace\8-2-build-windows-amd64-cygwin\jdk8u66\4988\hotspot\sr~fé—ë?
Event: 0.862 Thread 0x000000000238e000 Exception <a 'java/lang/NoSuchMethodError': Method sun.misc.Unsafe.prefetchRead(Ljava/lang/Object;J)V name or signature does not match> (0x00000000eb40d590) thrown at [C:\re\workspace\8-2-build-windows-amd64-cygwin\jdk8u66\4988\hotspot\src\share\vm\prims\j

Events (10 events):
Event: 0.890 loading class sun/misc/URLClassPath done
Event: 0.890 loading class sun/net/www/protocol/jar/Handler
Event: 0.890 loading class sun/net/www/protocol/jar/Handler done
Event: 0.890 loading class sun/misc/Launcher$AppClassLoader$1
Event: 0.890 loading class sun/misc/Launcher$AppClassLoader$1 done
Event: 0.890 loading class java/lang/SystemClassLoaderAction
Event: 0.890 loading class java/lang/SystemClassLoaderAction done
Event: 0.891 Thread 0x0000000055140000 Thread added: 0x0000000055140000
Event: 0.891 Thread 0x0000000055143800 Thread added: 0x0000000055143800
Event: 0.891 Thread 0x0000000055145800 Thread added: 0x0000000055145800


Dynamic libraries:
0x000000013f030000 - 0x000000013f067000 	C:\Program Files\Java\jre1.8.0_66\bin\java.exe
0x0000000076d70000 - 0x0000000076f19000 	C:\Windows\SYSTEM32\ntdll.dll
0x0000000076c50000 - 0x0000000076d70000 	C:\Windows\system32\kernel32.dll
0x000007fefce20000 - 0x000007fefce8b000 	C:\Windows\system32\KERNELBASE.dll
0x000007fefd9a0000 - 0x000007fefda7b000 	C:\Windows\system32\ADVAPI32.dll
0x000007fefded0000 - 0x000007fefdf6f000 	C:\Windows\system32\msvcrt.dll
0x000007fefdcf0000 - 0x000007fefdd0f000 	C:\Windows\SYSTEM32\sechost.dll
0x000007fefd1c0000 - 0x000007fefd2ed000 	C:\Windows\system32\RPCRT4.dll
0x0000000076b50000 - 0x0000000076c4a000 	C:\Windows\system32\USER32.dll
0x000007feff010000 - 0x000007feff077000 	C:\Windows\system32\GDI32.dll
0x000007fefd4e0000 - 0x000007fefd4ee000 	C:\Windows\system32\LPK.dll
0x000007fefdd10000 - 0x000007fefddd9000 	C:\Windows\system32\USP10.dll
0x000007fefb430000 - 0x000007fefb624000 	C:\Windows\WinSxS\amd64_microsoft.windows.common-controls_6595b64144ccf1df_6.0.7601.18837_none_fa3b1e3d17594757\COMCTL32.dll
0x000007fefd460000 - 0x000007fefd4d1000 	C:\Windows\system32\SHLWAPI.dll
0x000007fefd430000 - 0x000007fefd45e000 	C:\Windows\system32\IMM32.DLL
0x000007fefd2f0000 - 0x000007fefd3f9000 	C:\Windows\system32\MSCTF.dll
0x0000000058180000 - 0x0000000058252000 	C:\Program Files\Java\jre1.8.0_66\bin\msvcr100.dll
0x00000000578f0000 - 0x0000000058179000 	C:\Program Files\Java\jre1.8.0_66\bin\server\jvm.dll
0x000007fef6c00000 - 0x000007fef6c09000 	C:\Windows\system32\WSOCK32.dll
0x000007fefde80000 - 0x000007fefdecd000 	C:\Windows\system32\WS2_32.dll
0x000007fefd420000 - 0x000007fefd428000 	C:\Windows\system32\NSI.dll
0x000007fefa260000 - 0x000007fefa29b000 	C:\Windows\system32\WINMM.dll
0x000007fefbbf0000 - 0x000007fefbbfc000 	C:\Windows\system32\VERSION.dll
0x0000000076f30000 - 0x0000000076f37000 	C:\Windows\system32\PSAPI.DLL
0x0000000071a70000 - 0x0000000071a7f000 	C:\Program Files\Java\jre1.8.0_66\bin\verify.dll
0x0000000060d70000 - 0x0000000060d99000 	C:\Program Files\Java\jre1.8.0_66\bin\java.dll
0x000000006b3d0000 - 0x000000006b3e6000 	C:\Program Files\Java\jre1.8.0_66\bin\zip.dll
0x000007fefe1e0000 - 0x000007fefef6a000 	C:\Windows\system32\SHELL32.dll
0x000007fefced0000 - 0x000007fefd0d3000 	C:\Windows\system32\ole32.dll
0x000007fefcb20000 - 0x000007fefcb2f000 	C:\Windows\system32\profapi.dll

VM Arguments:
java_command: C:/Users/yia/Downloads/VSL2/VSL2.jar -s:C:\Users\yia\Downloads\DB\137.fasta -w:1 > 137.pred
java_class_path (initial): C:/Users/yia/Downloads/VSL2/VSL2.jar
Launcher Type: SUN_STANDARD

Environment Variables:
JAVA_HOME=C:\Program Files\Java\jdk1.8.0_66
CLASSPATH=.;C:\Program Files (x86)\Java\jre6\lib\ext\QTJava.zip;C:\Program Files\Java\jdk1.8.0_66\lib;C:\Program Files\Java\jdk1.8.0_66\lib\tools.jar
PATH=C:\ProgramData\Oracle\Java\javapath;C:\Program Files\Java\jdk1.8.0_66\bin;C:\Program Files\Java\jdk1.8.0_66\jre\bin;C:\Windows\system32;C:\Windows;C:\Windows\System32\Wbem;C:\Windows\System32\WindowsPowerShell\v1.0\;C:\Program Files (x86)\QuickTime\QTSystem\;C:\Program Files (x86)\Google\Google Apps Sync\;C:\Program Files (x86)\Lithnet\Lithnet.SCCM.MpUpdate;C:\Program Files (x86)\Lithnet\Lithnet.MpUpdate;C:\Windows\System32\WindowsPowerShell\v1.0\;C:\Program Files (x86)\Skype\Phone\
USERNAME=yia
OS=Windows_NT
PROCESSOR_IDENTIFIER=Intel64 Family 6 Model 42 Stepping 7, GenuineIntel



---------------  S Y S T E M  ---------------

OS: Windows 7 , 64 bit Build 7601 (6.1.7601.23250)

CPU:total 4 (4 cores per cpu, 1 threads per core) family 6 model 42 stepping 7, cmov, cx8, fxsr, mmx, sse, sse2, sse3, ssse3, sse4.1, sse4.2, popcnt, avx, aes, clmul, tsc, tscinvbit

Memory: 4k page, physical 4072344k(882952k free), swap 9505764k(749028k free)

vm_info: Java HotSpot(TM) 64-Bit Server VM (25.66-b17) for windows-amd64 JRE (1.8.0_66-b17), built on Oct  6 2015 18:55:33 by "java_re" with MS VC++ 10.0 (VS2010)

time: Thu Dec 03 11:47:38 2015
elapsed time: 1 seconds (0d 0h 0m 1s)

