#
# There is insufficient memory for the Java Runtime Environment to continue.
# Native memory allocation (malloc) failed to allocate 160088 bytes for AllocateHeap
# Possible reasons:
#   The system is out of physical RAM or swap space
#   In 32 bit mode, the process size limit was hit
# Possible solutions:
#   Reduce memory load on the system
#   Increase physical memory or swap space
#   Check if swap backing store is full
#   Use 64 bit Java on a 64 bit OS
#   Decrease Java heap size (-Xmx/-Xms)
#   Decrease number of Java threads
#   Decrease Java thread stack sizes (-Xss)
#   Set larger code cache with -XX:ReservedCodeCacheSize=
# This output file may be truncated or incomplete.
#
#  Out of Memory Error (memory/allocation.inline.hpp:61), pid=7188, tid=7760
#
# JRE version:  (8.0_66-b17) (build )
# Java VM: Java HotSpot(TM) 64-Bit Server VM (25.66-b17 mixed mode windows-amd64 compressed oops)
# Failed to write core dump. Minidumps are not enabled by default on client versions of Windows
#

---------------  T H R E A D  ---------------

Current thread (0x00000000022ce000):  JavaThread "Unknown thread" [_thread_in_vm, id=7760, stack(0x00000000025b0000,0x00000000026b0000)]

Stack: [0x00000000025b0000,0x00000000026b0000]
[error occurred during error reporting (printing stack bounds), id 0xc0000005]

Native frames: (J=compiled Java code, j=interpreted, Vv=VM code, C=native code)


---------------  P R O C E S S  ---------------

Java Threads: ( => current thread )

Other Threads:

=>0x00000000022ce000 (exited) JavaThread "Unknown thread" [_thread_in_vm, id=7760, stack(0x00000000025b0000,0x00000000026b0000)]

VM state:not at safepoint (not fully initialized)

VM Mutex/Monitor currently owned by a thread: None

GC Heap History (0 events):
No events

Deoptimization events (0 events):
No events

Internal exceptions (0 events):
No events

Events (0 events):
No events


Dynamic libraries:
0x000000013f030000 - 0x000000013f067000 	C:\Program Files\Java\jre1.8.0_66\bin\java.exe
0x0000000076d70000 - 0x0000000076f19000 	C:\Windows\SYSTEM32\ntdll.dll
0x0000000076c50000 - 0x0000000076d70000 	C:\Windows\system32\kernel32.dll
0x000007fefce20000 - 0x000007fefce8b000 	C:\Windows\system32\KERNELBASE.dll
0x000007fefd9a0000 - 0x000007fefda7b000 	C:\Windows\system32\ADVAPI32.dll
0x000007fefded0000 - 0x000007fefdf6f000 	C:\Windows\system32\msvcrt.dll
0x000007fefdcf0000 - 0x000007fefdd0f000 	C:\Windows\SYSTEM32\sechost.dll
0x000007fefd1c0000 - 0x000007fefd2ed000 	C:\Windows\system32\RPCRT4.dll
0x0000000076b50000 - 0x0000000076c4a000 	C:\Windows\system32\USER32.dll
0x000007feff010000 - 0x000007feff077000 	C:\Windows\system32\GDI32.dll
0x000007fefd4e0000 - 0x000007fefd4ee000 	C:\Windows\system32\LPK.dll
0x000007fefdd10000 - 0x000007fefddd9000 	C:\Windows\system32\USP10.dll
0x000007fefb430000 - 0x000007fefb624000 	C:\Windows\WinSxS\amd64_microsoft.windows.common-controls_6595b64144ccf1df_6.0.7601.18837_none_fa3b1e3d17594757\COMCTL32.dll
0x000007fefd460000 - 0x000007fefd4d1000 	C:\Windows\system32\SHLWAPI.dll
0x000007fefd430000 - 0x000007fefd45e000 	C:\Windows\system32\IMM32.DLL
0x000007fefd2f0000 - 0x000007fefd3f9000 	C:\Windows\system32\MSCTF.dll
0x0000000058180000 - 0x0000000058252000 	C:\Program Files\Java\jre1.8.0_66\bin\msvcr100.dll
0x00000000578f0000 - 0x0000000058179000 	C:\Program Files\Java\jre1.8.0_66\bin\server\jvm.dll
0x000007fef6c00000 - 0x000007fef6c09000 	C:\Windows\system32\WSOCK32.dll
0x000007fefde80000 - 0x000007fefdecd000 	C:\Windows\system32\WS2_32.dll
0x000007fefd420000 - 0x000007fefd428000 	C:\Windows\system32\NSI.dll
0x000007fefa260000 - 0x000007fefa29b000 	C:\Windows\system32\WINMM.dll
0x000007fefbbf0000 - 0x000007fefbbfc000 	C:\Windows\system32\VERSION.dll
0x0000000076f30000 - 0x0000000076f37000 	C:\Windows\system32\PSAPI.DLL
0x0000000071a70000 - 0x0000000071a7f000 	C:\Program Files\Java\jre1.8.0_66\bin\verify.dll
0x0000000060d70000 - 0x0000000060d99000 	C:\Program Files\Java\jre1.8.0_66\bin\java.dll
0x000000006b3d0000 - 0x000000006b3e6000 	C:\Program Files\Java\jre1.8.0_66\bin\zip.dll

VM Arguments:
java_command: C:/Users/yia/Downloads/VSL2/VSL2.jar -s:C:\Users\yia\Downloads\DB\138.fasta -w:1 > 138.pred
java_class_path (initial): C:/Users/yia/Downloads/VSL2/VSL2.jar
Launcher Type: SUN_STANDARD

Environment Variables:
JAVA_HOME=C:\Program Files\Java\jdk1.8.0_66
CLASSPATH=.;C:\Program Files (x86)\Java\jre6\lib\ext\QTJava.zip;C:\Program Files\Java\jdk1.8.0_66\lib;C:\Program Files\Java\jdk1.8.0_66\lib\tools.jar
PATH=C:\ProgramData\Oracle\Java\javapath;C:\Program Files\Java\jdk1.8.0_66\bin;C:\Program Files\Java\jdk1.8.0_66\jre\bin;C:\Windows\system32;C:\Windows;C:\Windows\System32\Wbem;C:\Windows\System32\WindowsPowerShell\v1.0\;C:\Program Files (x86)\QuickTime\QTSystem\;C:\Program Files (x86)\Google\Google Apps Sync\;C:\Program Files (x86)\Lithnet\Lithnet.SCCM.MpUpdate;C:\Program Files (x86)\Lithnet\Lithnet.MpUpdate;C:\Windows\System32\WindowsPowerShell\v1.0\;C:\Program Files (x86)\Skype\Phone\
USERNAME=yia
OS=Windows_NT
PROCESSOR_IDENTIFIER=Intel64 Family 6 Model 42 Stepping 7, GenuineIntel



---------------  S Y S T E M  ---------------

OS: Windows 7 , 64 bit Build 7601 (6.1.7601.23250)

CPU:total 4 (4 cores per cpu, 1 threads per core) family 6 model 42 stepping 7, cmov, cx8, fxsr, mmx, sse, sse2, sse3, ssse3, sse4.1, sse4.2, popcnt, avx, aes, clmul, tsc, tscinvbit

Memory: 4k page, physical 4072344k(880528k free), swap 9505764k(744500k free)

vm_info: Java HotSpot(TM) 64-Bit Server VM (25.66-b17) for windows-amd64 JRE (1.8.0_66-b17), built on Oct  6 2015 18:55:33 by "java_re" with MS VC++ 10.0 (VS2010)

time: Thu Dec 03 11:47:38 2015
elapsed time: 1 seconds (0d 0h 0m 1s)

